XYZ, Inc.                                                                                                                Page 1 of 1
Protocol No.: compound_YYYYY                                                                                                        
                                        Table 14.11.1 Demographics from the data sashelp.class                                      
                                                              Sex = Male                                                            
____________________________________________________________________________________________________________________________________

Name                      Sex                       Age                       Height                    Weight                      
_________________________________________________________________________________________________________________________________   

Alfred                    M                                14                        69                     112.5                   
Henry                     M                                14                      63.5                     102.5                   
James                     M                                12                      57.3                        83                   
Jeffrey                   M                                13                      62.5                        84                   
John                      M                                12                        59                      99.5                   
Philip                    M                                16                        72                       150                   
Robert                    M                                12                      64.8                       128                   
Ronald                    M                                15                        67                       133                   
Thomas                    M                                11                      57.5                        85                   
William                   M                                15                      66.5                       112                   






























____________________________________________________________________________________________________________________________________
Note: the source data is sashelp.class                                                                                              
Program Source: table2.sas                                                                              Executed: (Draft) 2022-04-30
